#
# A fatal error has been detected by the Java Runtime Environment:
#
#  Internal Error (javaClasses.cpp:136), pid=4060, tid=4232
#  fatal error: Invalid layout of preloaded class
#
# JRE version:  (7.0_45-b18) (build )
# Java VM: Java HotSpot(TM) Client VM (24.45-b08 mixed mode windows-x86 )
# Failed to write core dump. Minidumps are not enabled by default on client versions of Windows
#
# If you would like to submit a bug report, please visit:
#   http://bugreport.sun.com/bugreport/crash.jsp
#

---------------  T H R E A D  ---------------

Current thread (0x00adc000):  JavaThread "Unknown thread" [_thread_in_vm, id=4232, stack(0x00140000,0x00190000)]

Stack: [0x00140000,0x00190000],  sp=0x0018f3d4,  free space=316k
Native frames: (J=compiled Java code, j=interpreted, Vv=VM code, C=native code)
V  [jvm.dll+0x18df51]
V  [jvm.dll+0x187cc6]
V  [jvm.dll+0x3586a]
V  [jvm.dll+0x358f6]
V  [jvm.dll+0x4400d]
V  [jvm.dll+0x442be]
V  [jvm.dll+0x9263a]
V  [jvm.dll+0x929eb]
V  [jvm.dll+0x13daf1]
V  [jvm.dll+0x1605fc]
V  [jvm.dll+0xc8ebf]
C  [javaw.exe+0x13ce]
C  [javaw.exe+0x1e40]
C  [javaw.exe+0xa5b1]
C  [javaw.exe+0xa63b]
C  [kernel32.dll+0x1336a]
C  [ntdll.dll+0x39f72]
C  [ntdll.dll+0x39f45]


---------------  P R O C E S S  ---------------

Java Threads: ( => current thread )

Other Threads:

=>0x00adc000 (exited) JavaThread "Unknown thread" [_thread_in_vm, id=4232, stack(0x00140000,0x00190000)]

VM state:not at safepoint (not fully initialized)

VM Mutex/Monitor currently owned by a thread: None

GC Heap History (0 events):
No events

Deoptimization events (0 events):
No events

Internal exceptions (0 events):
No events

Events (10 events):
Event: 0.481 loading class 0x002cc298 done
Event: 0.481 loading class 0x002cbd28 done
Event: 0.481 loading class 0x002cbd08
Event: 0.482 loading class 0x002d3030
Event: 0.482 loading class 0x002d3030 done
Event: 0.482 loading class 0x002d3060
Event: 0.482 loading class 0x002d3060 done
Event: 0.482 loading class 0x002d3090
Event: 0.482 loading class 0x002d3090 done
Event: 0.482 loading class 0x002cbd08 done


Dynamic libraries:
0x01010000 - 0x0103f000 	C:\Program Files (x86)\Java\jre7\bin\javaw.exe
0x77020000 - 0x771a0000 	C:\Windows\SysWOW64\ntdll.dll
0x74f80000 - 0x75090000 	C:\Windows\syswow64\kernel32.dll
0x74d80000 - 0x74dc7000 	C:\Windows\syswow64\KERNELBASE.dll
0x752e0000 - 0x75380000 	C:\Windows\syswow64\ADVAPI32.dll
0x760a0000 - 0x7614c000 	C:\Windows\syswow64\msvcrt.dll
0x74e30000 - 0x74e49000 	C:\Windows\SysWOW64\sechost.dll
0x74c60000 - 0x74d50000 	C:\Windows\syswow64\RPCRT4.dll
0x74a70000 - 0x74ad0000 	C:\Windows\syswow64\SspiCli.dll
0x74a60000 - 0x74a6c000 	C:\Windows\syswow64\CRYPTBASE.dll
0x74b10000 - 0x74c10000 	C:\Windows\syswow64\USER32.dll
0x762c0000 - 0x76350000 	C:\Windows\syswow64\GDI32.dll
0x74ad0000 - 0x74ada000 	C:\Windows\syswow64\LPK.dll
0x76980000 - 0x76a1d000 	C:\Windows\syswow64\USP10.dll
0x6fac0000 - 0x6fc5e000 	C:\Windows\WinSxS\x86_microsoft.windows.common-controls_6595b64144ccf1df_6.0.7601.17514_none_41e6975e2bd6f2b2\COMCTL32.dll
0x74e50000 - 0x74ea7000 	C:\Windows\syswow64\SHLWAPI.dll
0x74dd0000 - 0x74e30000 	C:\Windows\system32\IMM32.DLL
0x75fd0000 - 0x7609c000 	C:\Windows\syswow64\MSCTF.dll
0x5d9b0000 - 0x5da6f000 	C:\Program Files (x86)\Java\jre7\bin\msvcr100.dll
0x6a6b0000 - 0x6aa30000 	C:\Program Files (x86)\Java\jre7\bin\client\jvm.dll
0x72560000 - 0x72567000 	C:\Windows\system32\WSOCK32.dll
0x76a20000 - 0x76a55000 	C:\Windows\syswow64\WS2_32.dll
0x74eb0000 - 0x74eb6000 	C:\Windows\syswow64\NSI.dll
0x724f0000 - 0x72522000 	C:\Windows\system32\WINMM.dll
0x76ff0000 - 0x76ff5000 	C:\Windows\syswow64\PSAPI.DLL
0x730c0000 - 0x730cc000 	C:\Program Files (x86)\Java\jre7\bin\verify.dll
0x6d1c0000 - 0x6d1e0000 	C:\Program Files (x86)\Java\jre7\bin\java.dll
0x70950000 - 0x7097a000 	C:\Program Files (x86)\Java\jre7\bin\jdwp.dll
0x71260000 - 0x71267000 	C:\Program Files (x86)\Java\jre7\bin\npt.dll
0x6c5c0000 - 0x6c5d3000 	C:\Program Files (x86)\Java\jre7\bin\zip.dll
0x71ac0000 - 0x71bab000 	C:\Windows\system32\dbghelp.dll

VM Arguments:
jvm_args: -agentlib:jdwp=transport=dt_socket,suspend=y,address=localhost:7922 -Dfile.encoding=UTF-8 -Xbootclasspath:C:\Android\android-sdk\platforms\android-19\android.jar 
java_command: agu.scaling.App
Launcher Type: SUN_STANDARD

Environment Variables:
JAVA_HOME=C:\Program Files (x86)\Java\jdk1.7.0_40
PATH=C:/Program Files (x86)/Java/jre7/bin/client;C:/Program Files (x86)/Java/jre7/bin;C:/Program Files (x86)/Java/jre7/lib/i386;C:\Program Files (x86)\NVIDIA Corporation\PhysX\Common;C:\Windows\system32;C:\Windows;C:\Windows\System32\Wbem;C:\Windows\System32\WindowsPowerShell\v1.0\;C:\Android\android-sdk\platform-tools;C:\Program Files\Microsoft SQL Server\110\Tools\Binn\;C:\Program Files\nodejs\;C:\Program Files (x86)\Java\jre7\bin;C:\Users\suckga\AppData\Local\Bandizip\7z;C:\Android\android-ndk;C:\Users\suckga\AppData\Roaming\npm;D:\Apps;D:\Apps\apache-maven\bin;D:\Apps\apache-ant\bin;D:\Apps\eclipse;
USERNAME=suckga
OS=Windows_NT
PROCESSOR_IDENTIFIER=Intel64 Family 6 Model 42 Stepping 7, GenuineIntel



---------------  S Y S T E M  ---------------

OS: Windows 7 , 64 bit Build 7601 Service Pack 1

CPU:total 2 (2 cores per cpu, 1 threads per core) family 6 model 42 stepping 7, cmov, cx8, fxsr, mmx, sse, sse2, sse3, ssse3, sse4.1, sse4.2, popcnt, tsc, tscinvbit

Memory: 4k page, physical 4157140k(2032212k free), swap 8312420k(4984248k free)

vm_info: Java HotSpot(TM) Client VM (24.45-b08) for windows-x86 JRE (1.7.0_45-b18), built on Oct  8 2013 06:02:43 by "java_re" with unknown MS VC++:1600

time: Sat Jan 04 18:05:50 2014
elapsed time: 0 seconds

